  ProyectoFinal.cpp
C:\Users\Roghe\OneDrive - UNIVERSIDAD NACIONAL AUTÓNOMA DE MÉXICO\Facultad de ingeniería\Semestre 8\Lab computación gráfica\Proyecto\316170040_PROYECTOFINAL_GPO12\ProyectoFinal\ProyectoFinal\ProyectoFinal.cpp(240,24): warning C4244: 'inicializando': conversión de 'double' a 'GLfloat'; posible pérdida de datos
C:\Users\Roghe\OneDrive - UNIVERSIDAD NACIONAL AUTÓNOMA DE MÉXICO\Facultad de ingeniería\Semestre 8\Lab computación gráfica\Proyecto\316170040_PROYECTOFINAL_GPO12\ProyectoFinal\ProyectoFinal\ProyectoFinal.cpp(413,96): warning C4305: 'argumento': truncamiento de 'double' a 'GLfloat'
C:\Users\Roghe\OneDrive - UNIVERSIDAD NACIONAL AUTÓNOMA DE MÉXICO\Facultad de ingeniería\Semestre 8\Lab computación gráfica\Proyecto\316170040_PROYECTOFINAL_GPO12\ProyectoFinal\ProyectoFinal\ProyectoFinal.cpp(419,96): warning C4305: 'argumento': truncamiento de 'double' a 'GLfloat'
C:\Users\Roghe\OneDrive - UNIVERSIDAD NACIONAL AUTÓNOMA DE MÉXICO\Facultad de ingeniería\Semestre 8\Lab computación gráfica\Proyecto\316170040_PROYECTOFINAL_GPO12\ProyectoFinal\ProyectoFinal\ProyectoFinal.cpp(425,96): warning C4305: 'argumento': truncamiento de 'double' a 'GLfloat'
C:\Users\Roghe\OneDrive - UNIVERSIDAD NACIONAL AUTÓNOMA DE MÉXICO\Facultad de ingeniería\Semestre 8\Lab computación gráfica\Proyecto\316170040_PROYECTOFINAL_GPO12\ProyectoFinal\ProyectoFinal\ProyectoFinal.cpp(431,96): warning C4305: 'argumento': truncamiento de 'double' a 'GLfloat'
C:\Users\Roghe\OneDrive - UNIVERSIDAD NACIONAL AUTÓNOMA DE MÉXICO\Facultad de ingeniería\Semestre 8\Lab computación gráfica\Proyecto\316170040_PROYECTOFINAL_GPO12\ProyectoFinal\ProyectoFinal\ProyectoFinal.cpp(437,93): warning C4305: 'argumento': truncamiento de 'double' a 'GLfloat'
C:\Users\Roghe\OneDrive - UNIVERSIDAD NACIONAL AUTÓNOMA DE MÉXICO\Facultad de ingeniería\Semestre 8\Lab computación gráfica\Proyecto\316170040_PROYECTOFINAL_GPO12\ProyectoFinal\ProyectoFinal\ProyectoFinal.cpp(545,23): warning C4244: '=': conversión de 'double' a 'float'; posible pérdida de datos
C:\Users\Roghe\OneDrive - UNIVERSIDAD NACIONAL AUTÓNOMA DE MÉXICO\Facultad de ingeniería\Semestre 8\Lab computación gráfica\Proyecto\316170040_PROYECTOFINAL_GPO12\ProyectoFinal\ProyectoFinal\ProyectoFinal.cpp(576,19): warning C4244: '+=': conversión de 'double' a 'float'; posible pérdida de datos
C:\Users\Roghe\OneDrive - UNIVERSIDAD NACIONAL AUTÓNOMA DE MÉXICO\Facultad de ingeniería\Semestre 8\Lab computación gráfica\Proyecto\316170040_PROYECTOFINAL_GPO12\ProyectoFinal\ProyectoFinal\ProyectoFinal.cpp(583,20): warning C4244: '-=': conversión de 'double' a 'float'; posible pérdida de datos
C:\Users\Roghe\OneDrive - UNIVERSIDAD NACIONAL AUTÓNOMA DE MÉXICO\Facultad de ingeniería\Semestre 8\Lab computación gráfica\Proyecto\316170040_PROYECTOFINAL_GPO12\ProyectoFinal\ProyectoFinal\ProyectoFinal.cpp(592,34): warning C4244: '+=': conversión de 'double' a 'float'; posible pérdida de datos
C:\Users\Roghe\OneDrive - UNIVERSIDAD NACIONAL AUTÓNOMA DE MÉXICO\Facultad de ingeniería\Semestre 8\Lab computación gráfica\Proyecto\316170040_PROYECTOFINAL_GPO12\ProyectoFinal\ProyectoFinal\ProyectoFinal.cpp(593,37): warning C4244: '+=': conversión de 'double' a 'float'; posible pérdida de datos
C:\Users\Roghe\OneDrive - UNIVERSIDAD NACIONAL AUTÓNOMA DE MÉXICO\Facultad de ingeniería\Semestre 8\Lab computación gráfica\Proyecto\316170040_PROYECTOFINAL_GPO12\ProyectoFinal\ProyectoFinal\ProyectoFinal.cpp(601,20): warning C4305: '+=': truncamiento de 'double' a 'float'
C:\Users\Roghe\OneDrive - UNIVERSIDAD NACIONAL AUTÓNOMA DE MÉXICO\Facultad de ingeniería\Semestre 8\Lab computación gráfica\Proyecto\316170040_PROYECTOFINAL_GPO12\ProyectoFinal\ProyectoFinal\ProyectoFinal.cpp(602,21): warning C4244: '-=': conversión de 'double' a 'float'; posible pérdida de datos
C:\Users\Roghe\OneDrive - UNIVERSIDAD NACIONAL AUTÓNOMA DE MÉXICO\Facultad de ingeniería\Semestre 8\Lab computación gráfica\Proyecto\316170040_PROYECTOFINAL_GPO12\ProyectoFinal\ProyectoFinal\ProyectoFinal.cpp(610,21): warning C4305: '+=': truncamiento de 'double' a 'float'
C:\Users\Roghe\OneDrive - UNIVERSIDAD NACIONAL AUTÓNOMA DE MÉXICO\Facultad de ingeniería\Semestre 8\Lab computación gráfica\Proyecto\316170040_PROYECTOFINAL_GPO12\ProyectoFinal\ProyectoFinal\ProyectoFinal.cpp(611,21): warning C4244: '+=': conversión de 'double' a 'float'; posible pérdida de datos
C:\Users\Roghe\OneDrive - UNIVERSIDAD NACIONAL AUTÓNOMA DE MÉXICO\Facultad de ingeniería\Semestre 8\Lab computación gráfica\Proyecto\316170040_PROYECTOFINAL_GPO12\ProyectoFinal\ProyectoFinal\ProyectoFinal.cpp(619,21): warning C4244: '+=': conversión de 'double' a 'float'; posible pérdida de datos
C:\Users\Roghe\OneDrive - UNIVERSIDAD NACIONAL AUTÓNOMA DE MÉXICO\Facultad de ingeniería\Semestre 8\Lab computación gráfica\Proyecto\316170040_PROYECTOFINAL_GPO12\ProyectoFinal\ProyectoFinal\ProyectoFinal.cpp(628,22): warning C4244: '+=': conversión de 'double' a 'float'; posible pérdida de datos
C:\Users\Roghe\OneDrive - UNIVERSIDAD NACIONAL AUTÓNOMA DE MÉXICO\Facultad de ingeniería\Semestre 8\Lab computación gráfica\Proyecto\316170040_PROYECTOFINAL_GPO12\ProyectoFinal\ProyectoFinal\ProyectoFinal.cpp(629,21): warning C4244: '+=': conversión de 'double' a 'float'; posible pérdida de datos
C:\Users\Roghe\OneDrive - UNIVERSIDAD NACIONAL AUTÓNOMA DE MÉXICO\Facultad de ingeniería\Semestre 8\Lab computación gráfica\Proyecto\316170040_PROYECTOFINAL_GPO12\ProyectoFinal\ProyectoFinal\ProyectoFinal.cpp(637,18): warning C4305: '=': truncamiento de 'double' a 'float'
C:\Users\Roghe\OneDrive - UNIVERSIDAD NACIONAL AUTÓNOMA DE MÉXICO\Facultad de ingeniería\Semestre 8\Lab computación gráfica\Proyecto\316170040_PROYECTOFINAL_GPO12\ProyectoFinal\ProyectoFinal\ProyectoFinal.cpp(644,19): warning C4305: '=': truncamiento de 'double' a 'float'
C:\Users\Roghe\OneDrive - UNIVERSIDAD NACIONAL AUTÓNOMA DE MÉXICO\Facultad de ingeniería\Semestre 8\Lab computación gráfica\Proyecto\316170040_PROYECTOFINAL_GPO12\ProyectoFinal\ProyectoFinal\ProyectoFinal.cpp(704,11): warning C4244: '=': conversión de 'double' a 'GLfloat'; posible pérdida de datos
C:\Users\Roghe\OneDrive - UNIVERSIDAD NACIONAL AUTÓNOMA DE MÉXICO\Facultad de ingeniería\Semestre 8\Lab computación gráfica\Proyecto\316170040_PROYECTOFINAL_GPO12\ProyectoFinal\ProyectoFinal\ProyectoFinal.cpp(705,11): warning C4244: '=': conversión de 'double' a 'GLfloat'; posible pérdida de datos
C:\Users\Roghe\OneDrive - UNIVERSIDAD NACIONAL AUTÓNOMA DE MÉXICO\Facultad de ingeniería\Semestre 8\Lab computación gráfica\Proyecto\316170040_PROYECTOFINAL_GPO12\ProyectoFinal\ProyectoFinal\ProyectoFinal.cpp(709,18): warning C4244: 'inicializando': conversión de 'double' a 'GLfloat'; posible pérdida de datos
C:\Users\Roghe\OneDrive - UNIVERSIDAD NACIONAL AUTÓNOMA DE MÉXICO\Facultad de ingeniería\Semestre 8\Lab computación gráfica\Proyecto\316170040_PROYECTOFINAL_GPO12\ProyectoFinal\ProyectoFinal\ProyectoFinal.cpp(710,18): warning C4244: 'inicializando': conversión de 'double' a 'GLfloat'; posible pérdida de datos
C:\Users\Roghe\OneDrive - UNIVERSIDAD NACIONAL AUTÓNOMA DE MÉXICO\Facultad de ingeniería\Semestre 8\Lab computación gráfica\Proyecto\316170040_PROYECTOFINAL_GPO12\ProyectoFinal\ProyectoFinal\ProyectoFinal.cpp(712,10): warning C4244: '=': conversión de 'double' a 'GLfloat'; posible pérdida de datos
C:\Users\Roghe\OneDrive - UNIVERSIDAD NACIONAL AUTÓNOMA DE MÉXICO\Facultad de ingeniería\Semestre 8\Lab computación gráfica\Proyecto\316170040_PROYECTOFINAL_GPO12\ProyectoFinal\ProyectoFinal\ProyectoFinal.cpp(713,10): warning C4244: '=': conversión de 'double' a 'GLfloat'; posible pérdida de datos
  ProyectoFinal.vcxproj -> C:\Users\Roghe\OneDrive - UNIVERSIDAD NACIONAL AUTÓNOMA DE MÉXICO\Facultad de ingeniería\Semestre 8\Lab computación gráfica\Proyecto\316170040_PROYECTOFINAL_GPO12\ProyectoFinal\Debug\ProyectoFinal.exe
